<?xml version="1.0" encoding="UTF-8"?>
<testsuite xmlns:xsi="http://www.w3.org/2001/XMLSchema-instance" xsi:noNamespaceSchemaLocation="https://maven.apache.org/surefire/maven-surefire-plugin/xsd/surefire-test-report.xsd" name="org.eclipse.main.CalculTest" time="0.206" tests="9" errors="0" skipped="1" failures="0">
  <properties>
[...]
</properties>
  <testcase name="addTest" classname="org.eclipse.main.CalculTest" time="0.108"/>
  <testcase name="testSomme{int}[1]" classname="org.eclipse.main.CalculTest" time="0.027"/>
  <testcase name="testSomme{int}[2]" classname="org.eclipse.main.CalculTest" time="0.004"/>
  <testcase name="multiplyTest[1]" classname="org.eclipse.main.CalculTest" time="0.002"/>
  <testcase name="multiplyTest[2]" classname="org.eclipse.main.CalculTest" time="0.003"/>
  <testcase name="multiplyTest[3]" classname="org.eclipse.main.CalculTest" time="0.002"/>
  <testcase name="divideTest" classname="org.eclipse.main.CalculTest" time="0.001"/>
  <testcase name="checkStringIsNonNullTest" classname="org.eclipse.main.CalculTest$StringTest" time="0">
    <skipped message="void org.eclipse.main.CalculTest$StringTest.checkStringIsNonNullTest() is @Disabled"/>
  </testcase>
  <testcase name="checkStringIsNullTest" classname="org.eclipse.main.CalculTest$StringTest" time="0.004"/>
</testsuite>